<?xml version="1.0" encoding="UTF-8"?>
<!-- Generated by org.testng.reporters.JUnitXMLReporter -->
<testsuite hostname="kabothu1" name="Regression suite 1" tests="1" failures="1" timestamp="4 Nov 2015 17:58:11 GMT" time="32.827" errors="0">
  <testcase name="@AfterMethod logoutApplication" time="0.0" classname="com.krishna.dev.webdriver.funtionaltests.TestWalmartAssignment">
    <failure type="org.openqa.selenium.NoSuchWindowException" message="no such window: target window already closed
from unknown error: web view not found
  (Session info: chrome=46.0.2490.80)
  (Driver info: chromedriver=2.19.346078 (6f1f0cde889532d48ce8242342d0b84f94b114a1),platform=Windows NT 6.1 SP1 x86_64) (WARNING: The server did not provide any stacktrace information)
Command duration or timeout: 9 milliseconds
Build info: version: &amp;apos;2.47.1&amp;apos;, revision: &amp;apos;unknown&amp;apos;, time: &amp;apos;2015-07-30 11:02:44&amp;apos;
System info: host: &amp;apos;kabothu1&amp;apos;, ip: &amp;apos;192.168.0.2&amp;apos;, os.name: &amp;apos;Windows 7&amp;apos;, os.arch: &amp;apos;x86&amp;apos;, os.version: &amp;apos;6.1&amp;apos;, java.version: &amp;apos;1.7.0_79&amp;apos;
Session ID: a3b166063a9576ecd029a411eb57f218
Driver info: org.openqa.selenium.chrome.ChromeDriver
Capabilities [{platform=XP, acceptSslCerts=true, javascriptEnabled=true, browserName=chrome, chrome={userDataDir=C:\Users\kabothu\AppData\Local\Temp\scoped_dir3840_1233}, rotatable=false, locationContextEnabled=true, mobileEmulationEnabled=false, version=46.0.2490.80, takesHeapSnapshot=true, cssSelectorsEnabled=true, databaseEnabled=false, handlesAlerts=true, browserConnectionEnabled=false, webStorageEnabled=true, nativeEvents=true, hasTouchScreen=false, applicationCacheEnabled=false, takesScreenshot=true}]">
      <![CDATA[org.openqa.selenium.NoSuchWindowException: no such window: target window already closed
from unknown error: web view not found
  (Session info: chrome=46.0.2490.80)
  (Driver info: chromedriver=2.19.346078 (6f1f0cde889532d48ce8242342d0b84f94b114a1),platform=Windows NT 6.1 SP1 x86_64) (WARNING: The server did not provide any stacktrace information)
Command duration or timeout: 9 milliseconds
Build info: version: '2.47.1', revision: 'unknown', time: '2015-07-30 11:02:44'
System info: host: 'kabothu1', ip: '192.168.0.2', os.name: 'Windows 7', os.arch: 'x86', os.version: '6.1', java.version: '1.7.0_79'
Session ID: a3b166063a9576ecd029a411eb57f218
Driver info: org.openqa.selenium.chrome.ChromeDriver
Capabilities [{platform=XP, acceptSslCerts=true, javascriptEnabled=true, browserName=chrome, chrome={userDataDir=C:\Users\kabothu\AppData\Local\Temp\scoped_dir3840_1233}, rotatable=false, locationContextEnabled=true, mobileEmulationEnabled=false, version=46.0.2490.80, takesHeapSnapshot=true, cssSelectorsEnabled=true, databaseEnabled=false, handlesAlerts=true, browserConnectionEnabled=false, webStorageEnabled=true, nativeEvents=true, hasTouchScreen=false, applicationCacheEnabled=false, takesScreenshot=true}]
	at org.openqa.selenium.remote.ErrorHandler.createThrowable(ErrorHandler.java:206)
	at org.openqa.selenium.remote.ErrorHandler.throwIfResponseFailed(ErrorHandler.java:158)
	at org.openqa.selenium.remote.RemoteWebDriver.execute(RemoteWebDriver.java:595)
	at org.openqa.selenium.remote.RemoteWebDriver.get(RemoteWebDriver.java:306)
	at com.krishna.dev.pagecomponents.Login.logoutURL(Login.java:20)
	at com.krishna.dev.webdriver.basetest.BaseTest.logoutApplication(BaseTest.java:43)
... Removed 30 stack frames]]>
    </failure>
  </testcase> <!-- @AfterMethod logoutApplication -->
  <testcase name="@AfterClass exitBrowser" time="0.0" classname="com.krishna.dev.webdriver.funtionaltests.TestWalmartAssignment">
    <skipped/>
  </testcase> <!-- @AfterClass exitBrowser -->
  <testcase name="testAddItemTransactionFlow" time="21.352" classname="com.krishna.dev.webdriver.funtionaltests.TestWalmartAssignment">
    <failure type="java.lang.RuntimeException" message="Adding Item To Cart By.id: WMItemAddToCartBtn failed: null">
      <![CDATA[java.lang.RuntimeException: Adding Item To Cart By.id: WMItemAddToCartBtn failed: null
	at com.krishna.dev.pagecomponents.Cart.addItemToCart(Cart.java:59)
	at com.krishna.dev.webdriver.funtionaltests.TestWalmartAssignment.testAddItemTransactionFlow(TestWalmartAssignment.java:33)
... Removed 24 stack frames]]>
    </failure>
  </testcase> <!-- testAddItemTransactionFlow -->
</testsuite> <!-- Regression suite 1 -->
