<?xml version="1.0" encoding="UTF-8"?>
<!-- Generated by org.testng.reporters.JUnitXMLReporter -->
<testsuite hostname="kabothu1" name="Default test" tests="5" failures="1" timestamp="12 Nov 2015 13:24:11 GMT" time="61.622" errors="0">
  <testcase name="@BeforeMethod loginPage" time="0.0" classname="com.krishna.dev.webdriver.funtionaltests.TestWalmartAssignment">
    <failure type="java.lang.RuntimeException" message="GetElement and entering text in By.id: login-username failed: no such element: Unable to locate element: {&amp;quot;method&amp;quot;:&amp;quot;id&amp;quot;,&amp;quot;selector&amp;quot;:&amp;quot;login-username&amp;quot;}
  (Session info: chrome=46.0.2490.80)
  (Driver info: chromedriver=2.19.346078 (6f1f0cde889532d48ce8242342d0b84f94b114a1),platform=Windows NT 6.1 SP1 x86_64) (WARNING: The server did not provide any stacktrace information)
Command duration or timeout: 20.03 seconds
For documentation on this error, please visit: http://seleniumhq.org/exceptions/no_such_element.html
Build info: version: &amp;apos;2.47.1&amp;apos;, revision: &amp;apos;unknown&amp;apos;, time: &amp;apos;2015-07-30 11:02:44&amp;apos;
System info: host: &amp;apos;kabothu1&amp;apos;, ip: &amp;apos;192.168.0.3&amp;apos;, os.name: &amp;apos;Windows 7&amp;apos;, os.arch: &amp;apos;x86&amp;apos;, os.version: &amp;apos;6.1&amp;apos;, java.version: &amp;apos;1.7.0_79&amp;apos;
*** Element info: {Using=id, value=login-username}
Session ID: 20bc589d0d043f4290057090b0708fd4
Driver info: org.openqa.selenium.chrome.ChromeDriver
Capabilities [{platform=XP, acceptSslCerts=true, javascriptEnabled=true, browserName=chrome, chrome={userDataDir=C:\Users\kabothu\AppData\Local\Temp\scoped_dir3592_7942}, rotatable=false, locationContextEnabled=true, mobileEmulationEnabled=false, version=46.0.2490.80, takesHeapSnapshot=true, cssSelectorsEnabled=true, databaseEnabled=false, handlesAlerts=true, browserConnectionEnabled=false, webStorageEnabled=true, nativeEvents=true, hasTouchScreen=false, applicationCacheEnabled=false, takesScreenshot=true}]">
      <![CDATA[java.lang.RuntimeException: GetElement and entering text in By.id: login-username failed: no such element: Unable to locate element: {"method":"id","selector":"login-username"}
  (Session info: chrome=46.0.2490.80)
  (Driver info: chromedriver=2.19.346078 (6f1f0cde889532d48ce8242342d0b84f94b114a1),platform=Windows NT 6.1 SP1 x86_64) (WARNING: The server did not provide any stacktrace information)
Command duration or timeout: 20.03 seconds
For documentation on this error, please visit: http://seleniumhq.org/exceptions/no_such_element.html
Build info: version: '2.47.1', revision: 'unknown', time: '2015-07-30 11:02:44'
System info: host: 'kabothu1', ip: '192.168.0.3', os.name: 'Windows 7', os.arch: 'x86', os.version: '6.1', java.version: '1.7.0_79'
*** Element info: {Using=id, value=login-username}
Session ID: 20bc589d0d043f4290057090b0708fd4
Driver info: org.openqa.selenium.chrome.ChromeDriver
Capabilities [{platform=XP, acceptSslCerts=true, javascriptEnabled=true, browserName=chrome, chrome={userDataDir=C:\Users\kabothu\AppData\Local\Temp\scoped_dir3592_7942}, rotatable=false, locationContextEnabled=true, mobileEmulationEnabled=false, version=46.0.2490.80, takesHeapSnapshot=true, cssSelectorsEnabled=true, databaseEnabled=false, handlesAlerts=true, browserConnectionEnabled=false, webStorageEnabled=true, nativeEvents=true, hasTouchScreen=false, applicationCacheEnabled=false, takesScreenshot=true}]
	at com.krishna.dev.pagecomponents.Login.enterUserNameAndPassword(Login.java:39)
	at com.krishna.dev.webdriver.basetest.BaseTest.loginPage(BaseTest.java:34)
	at sun.reflect.NativeMethodAccessorImpl.invoke0(Native Method)
	at sun.reflect.NativeMethodAccessorImpl.invoke(Unknown Source)
	at sun.reflect.DelegatingMethodAccessorImpl.invoke(Unknown Source)
	at java.lang.reflect.Method.invoke(Unknown Source)
	at org.testng.internal.MethodInvocationHelper.invokeMethod(MethodInvocationHelper.java:85)
	at org.testng.internal.Invoker.invokeConfigurationMethod(Invoker.java:510)
	at org.testng.internal.Invoker.invokeConfigurations(Invoker.java:211)
	at org.testng.internal.Invoker.invokeMethod(Invoker.java:585)
	at org.testng.internal.Invoker.invokeTestMethod(Invoker.java:821)
	at org.testng.internal.Invoker.invokeTestMethods(Invoker.java:1131)
	at org.testng.internal.TestMethodWorker.invokeTestMethods(TestMethodWorker.java:124)
	at org.testng.internal.TestMethodWorker.run(TestMethodWorker.java:108)
	at org.testng.TestRunner.privateRun(TestRunner.java:773)
	at org.testng.TestRunner.run(TestRunner.java:623)
	at org.testng.SuiteRunner.runTest(SuiteRunner.java:357)
	at org.testng.SuiteRunner.runSequentially(SuiteRunner.java:352)
	at org.testng.SuiteRunner.privateRun(SuiteRunner.java:310)
	at org.testng.SuiteRunner.run(SuiteRunner.java:259)
	at org.testng.SuiteRunnerWorker.runSuite(SuiteRunnerWorker.java:52)
	at org.testng.SuiteRunnerWorker.run(SuiteRunnerWorker.java:86)
	at org.testng.TestNG.runSuitesSequentially(TestNG.java:1185)
	at org.testng.TestNG.runSuitesLocally(TestNG.java:1110)
	at org.testng.TestNG.run(TestNG.java:1018)
	at org.testng.remote.RemoteTestNG.run(RemoteTestNG.java:111)
	at org.testng.remote.RemoteTestNG.initAndRun(RemoteTestNG.java:204)
	at org.testng.remote.RemoteTestNG.main(RemoteTestNG.java:175)
]]>
    </failure>
  </testcase> <!-- @BeforeMethod loginPage -->
  <testcase name="@AfterMethod logoutApplication" time="0.0" classname="com.krishna.dev.webdriver.funtionaltests.TestWalmartAssignment">
    <skipped/>
  </testcase> <!-- @AfterMethod logoutApplication -->
  <testcase name="@BeforeMethod loginPage" time="0.0" classname="com.krishna.dev.webdriver.funtionaltests.TestWalmartAssignment">
    <skipped/>
  </testcase> <!-- @BeforeMethod loginPage -->
  <testcase name="@AfterMethod logoutApplication" time="0.0" classname="com.krishna.dev.webdriver.funtionaltests.TestWalmartAssignment">
    <skipped/>
  </testcase> <!-- @AfterMethod logoutApplication -->
  <testcase name="@BeforeMethod loginPage" time="0.0" classname="com.krishna.dev.webdriver.funtionaltests.TestWalmartAssignment">
    <skipped/>
  </testcase> <!-- @BeforeMethod loginPage -->
  <testcase name="@AfterMethod logoutApplication" time="0.0" classname="com.krishna.dev.webdriver.funtionaltests.TestWalmartAssignment">
    <skipped/>
  </testcase> <!-- @AfterMethod logoutApplication -->
  <testcase name="@BeforeMethod loginPage" time="0.0" classname="com.krishna.dev.webdriver.funtionaltests.TestWalmartAssignment">
    <skipped/>
  </testcase> <!-- @BeforeMethod loginPage -->
  <testcase name="@AfterMethod logoutApplication" time="0.0" classname="com.krishna.dev.webdriver.funtionaltests.TestWalmartAssignment">
    <skipped/>
  </testcase> <!-- @AfterMethod logoutApplication -->
  <testcase name="@AfterClass exitBrowser" time="0.0" classname="com.krishna.dev.webdriver.funtionaltests.TestWalmartAssignment">
    <skipped/>
  </testcase> <!-- @AfterClass exitBrowser -->
  <testcase name="testAddItemTransactionFlow" time="26.445" classname="com.krishna.dev.webdriver.funtionaltests.TestWalmartAssignment">
    <failure type="java.lang.RuntimeException" message="Selecting Aspect For An Item By.cssSelector: .variants.variants-swatches.js-variants-swatches.js-variants-collapsed.variants-collapsed&amp;gt;span:nth-of-type(1) failed: unknown error: Element is not clickable at point (639, 659)
  (Session info: chrome=46.0.2490.80)
  (Driver info: chromedriver=2.19.346078 (6f1f0cde889532d48ce8242342d0b84f94b114a1),platform=Windows NT 6.1 SP1 x86_64) (WARNING: The server did not provide any stacktrace information)
Command duration or timeout: 100 milliseconds
Build info: version: &amp;apos;2.47.1&amp;apos;, revision: &amp;apos;unknown&amp;apos;, time: &amp;apos;2015-07-30 11:02:44&amp;apos;
System info: host: &amp;apos;kabothu1&amp;apos;, ip: &amp;apos;192.168.0.3&amp;apos;, os.name: &amp;apos;Windows 7&amp;apos;, os.arch: &amp;apos;x86&amp;apos;, os.version: &amp;apos;6.1&amp;apos;, java.version: &amp;apos;1.7.0_79&amp;apos;
Session ID: 20bc589d0d043f4290057090b0708fd4
Driver info: org.openqa.selenium.chrome.ChromeDriver
Capabilities [{platform=XP, acceptSslCerts=true, javascriptEnabled=true, browserName=chrome, chrome={userDataDir=C:\Users\kabothu\AppData\Local\Temp\scoped_dir3592_7942}, rotatable=false, locationContextEnabled=true, mobileEmulationEnabled=false, version=46.0.2490.80, takesHeapSnapshot=true, cssSelectorsEnabled=true, databaseEnabled=false, handlesAlerts=true, browserConnectionEnabled=false, webStorageEnabled=true, nativeEvents=true, hasTouchScreen=false, applicationCacheEnabled=false, takesScreenshot=true}]">
      <![CDATA[java.lang.RuntimeException: Selecting Aspect For An Item By.cssSelector: .variants.variants-swatches.js-variants-swatches.js-variants-collapsed.variants-collapsed>span:nth-of-type(1) failed: unknown error: Element is not clickable at point (639, 659)
  (Session info: chrome=46.0.2490.80)
  (Driver info: chromedriver=2.19.346078 (6f1f0cde889532d48ce8242342d0b84f94b114a1),platform=Windows NT 6.1 SP1 x86_64) (WARNING: The server did not provide any stacktrace information)
Command duration or timeout: 100 milliseconds
Build info: version: '2.47.1', revision: 'unknown', time: '2015-07-30 11:02:44'
System info: host: 'kabothu1', ip: '192.168.0.3', os.name: 'Windows 7', os.arch: 'x86', os.version: '6.1', java.version: '1.7.0_79'
Session ID: 20bc589d0d043f4290057090b0708fd4
Driver info: org.openqa.selenium.chrome.ChromeDriver
Capabilities [{platform=XP, acceptSslCerts=true, javascriptEnabled=true, browserName=chrome, chrome={userDataDir=C:\Users\kabothu\AppData\Local\Temp\scoped_dir3592_7942}, rotatable=false, locationContextEnabled=true, mobileEmulationEnabled=false, version=46.0.2490.80, takesHeapSnapshot=true, cssSelectorsEnabled=true, databaseEnabled=false, handlesAlerts=true, browserConnectionEnabled=false, webStorageEnabled=true, nativeEvents=true, hasTouchScreen=false, applicationCacheEnabled=false, takesScreenshot=true}]
	at com.krishna.dev.pagecomponents.Cart.selectAspectForAnItem(Cart.java:48)
	at com.krishna.dev.webdriver.funtionaltests.TestWalmartAssignment.testAddItemTransactionFlow(TestWalmartAssignment.java:31)
	at sun.reflect.NativeMethodAccessorImpl.invoke0(Native Method)
	at sun.reflect.NativeMethodAccessorImpl.invoke(Unknown Source)
	at sun.reflect.DelegatingMethodAccessorImpl.invoke(Unknown Source)
	at java.lang.reflect.Method.invoke(Unknown Source)
	at org.testng.internal.MethodInvocationHelper.invokeMethod(MethodInvocationHelper.java:85)
	at org.testng.internal.Invoker.invokeMethod(Invoker.java:639)
	at org.testng.internal.Invoker.invokeTestMethod(Invoker.java:821)
	at org.testng.internal.Invoker.invokeTestMethods(Invoker.java:1131)
	at org.testng.internal.TestMethodWorker.invokeTestMethods(TestMethodWorker.java:124)
	at org.testng.internal.TestMethodWorker.run(TestMethodWorker.java:108)
	at org.testng.TestRunner.privateRun(TestRunner.java:773)
	at org.testng.TestRunner.run(TestRunner.java:623)
	at org.testng.SuiteRunner.runTest(SuiteRunner.java:357)
	at org.testng.SuiteRunner.runSequentially(SuiteRunner.java:352)
	at org.testng.SuiteRunner.privateRun(SuiteRunner.java:310)
	at org.testng.SuiteRunner.run(SuiteRunner.java:259)
	at org.testng.SuiteRunnerWorker.runSuite(SuiteRunnerWorker.java:52)
	at org.testng.SuiteRunnerWorker.run(SuiteRunnerWorker.java:86)
	at org.testng.TestNG.runSuitesSequentially(TestNG.java:1185)
	at org.testng.TestNG.runSuitesLocally(TestNG.java:1110)
	at org.testng.TestNG.run(TestNG.java:1018)
	at org.testng.remote.RemoteTestNG.run(RemoteTestNG.java:111)
	at org.testng.remote.RemoteTestNG.initAndRun(RemoteTestNG.java:204)
	at org.testng.remote.RemoteTestNG.main(RemoteTestNG.java:175)
]]>
    </failure>
  </testcase> <!-- testAddItemTransactionFlow -->
  <testcase name="testAddItemTransactionFlow" time="0.0" classname="com.krishna.dev.webdriver.funtionaltests.TestWalmartAssignment">
    <skipped/>
  </testcase> <!-- testAddItemTransactionFlow -->
  <testcase name="testAddItemTransactionFlow" time="0.0" classname="com.krishna.dev.webdriver.funtionaltests.TestWalmartAssignment">
    <skipped/>
  </testcase> <!-- testAddItemTransactionFlow -->
  <testcase name="testAddItemTransactionFlow" time="0.0" classname="com.krishna.dev.webdriver.funtionaltests.TestWalmartAssignment">
    <skipped/>
  </testcase> <!-- testAddItemTransactionFlow -->
  <testcase name="testAddItemTransactionFlow" time="0.0" classname="com.krishna.dev.webdriver.funtionaltests.TestWalmartAssignment">
    <skipped/>
  </testcase> <!-- testAddItemTransactionFlow -->
</testsuite> <!-- Default test -->
