<html>
<head>
<title>TestNG:  Default test</title>
<link href="../testng.css" rel="stylesheet" type="text/css" />
<link href="../my-testng.css" rel="stylesheet" type="text/css" />

<style type="text/css">
.log { display: none;} 
.stack-trace { display: none;} 
</style>
<script type="text/javascript">
<!--
function flip(e) {
  current = e.style.display;
  if (current == 'block') {
    e.style.display = 'none';
    return 0;
  }
  else {
    e.style.display = 'block';
    return 1;
  }
}

function toggleBox(szDivId, elem, msg1, msg2)
{
  var res = -1;  if (document.getElementById) {
    res = flip(document.getElementById(szDivId));
  }
  else if (document.all) {
    // this is the way old msie versions work
    res = flip(document.all[szDivId]);
  }
  if(elem) {
    if(res == 0) elem.innerHTML = msg1; else elem.innerHTML = msg2;
  }

}

function toggleAllBoxes() {
  if (document.getElementsByTagName) {
    d = document.getElementsByTagName('div');
    for (i = 0; i < d.length; i++) {
      if (d[i].className == 'log') {
        flip(d[i]);
      }
    }
  }
}

// -->
</script>

</head>
<body>
<h2 align='center'>Default test</h2><table border='1' align="center">
<tr>
<td>Tests passed/Failed/Skipped:</td><td>0/1/4</td>
</tr><tr>
<td>Started on:</td><td>Thu Nov 12 18:53:09 IST 2015</td>
</tr>
<tr><td>Total time:</td><td>61 seconds (61622 ms)</td>
</tr><tr>
<td>Included groups:</td><td></td>
</tr><tr>
<td>Excluded groups:</td><td></td>
</tr>
</table><p/>
<small><i>(Hover the method name to see the test class name)</i></small><p/>
<table width='100%' border='1' class='invocation-failed'>
<tr><td colspan='4' align='center'><b>FAILED CONFIGURATIONS</b></td></tr>
<tr><td><b>Test method</b></td>
<td width="30%"><b>Exception</b></td>
<td width="10%"><b>Time (seconds)</b></td>
<td><b>Instance</b></td>
</tr>
<tr>
<td title='com.krishna.dev.webdriver.funtionaltests.TestWalmartAssignment.loginPage()'><b>loginPage</b><br>Test class: com.krishna.dev.webdriver.funtionaltests.TestWalmartAssignment</td>
<td><div><pre>java.lang.RuntimeException: GetElement and entering text in By.id: login-username failed: no such element: Unable to locate element: {&quot;method&quot;:&quot;id&quot;,&quot;selector&quot;:&quot;login-username&quot;}
  (Session info: chrome=46.0.2490.80)
  (Driver info: chromedriver=2.19.346078 (6f1f0cde889532d48ce8242342d0b84f94b114a1),platform=Windows NT 6.1 SP1 x86_64) (WARNING: The server did not provide any stacktrace information)
Command duration or timeout: 20.03 seconds
For documentation on this error, please visit: http://seleniumhq.org/exceptions/no_such_element.html
Build info: version: &apos;2.47.1&apos;, revision: &apos;unknown&apos;, time: &apos;2015-07-30 11:02:44&apos;
System info: host: &apos;kabothu1&apos;, ip: &apos;192.168.0.3&apos;, os.name: &apos;Windows 7&apos;, os.arch: &apos;x86&apos;, os.version: &apos;6.1&apos;, java.version: &apos;1.7.0_79&apos;
*** Element info: {Using=id, value=login-username}
Session ID: 20bc589d0d043f4290057090b0708fd4
Driver info: org.openqa.selenium.chrome.ChromeDriver
Capabilities [{platform=XP, acceptSslCerts=true, javascriptEnabled=true, browserName=chrome, chrome={userDataDir=C:\Users\kabothu\AppData\Local\Temp\scoped_dir3592_7942}, rotatable=false, locationContextEnabled=true, mobileEmulationEnabled=false, version=46.0.2490.80, takesHeapSnapshot=true, cssSelectorsEnabled=true, databaseEnabled=false, handlesAlerts=true, browserConnectionEnabled=false, webStorageEnabled=true, nativeEvents=true, hasTouchScreen=false, applicationCacheEnabled=false, takesScreenshot=true}]
	at com.krishna.dev.pagecomponents.Login.enterUserNameAndPassword(Login.java:39)
	at com.krishna.dev.webdriver.basetest.BaseTest.loginPage(BaseTest.java:34)
	at sun.reflect.NativeMethodAccessorImpl.invoke0(Native Method)
	at sun.reflect.NativeMethodAccessorImpl.invoke(Unknown Source)
	at sun.reflect.DelegatingMethodAccessorImpl.invoke(Unknown Source)
	at java.lang.reflect.Method.invoke(Unknown Source)
	at org.testng.internal.MethodInvocationHelper.invokeMethod(MethodInvocationHelper.java:85)
	at org.testng.internal.Invoker.invokeConfigurationMethod(Invoker.java:510)
	at org.testng.internal.Invoker.invokeConfigurations(Invoker.java:211)
	at org.testng.internal.Invoker.invokeMethod(Invoker.java:585)
	at org.testng.internal.Invoker.invokeTestMethod(Invoker.java:821)
	at org.testng.internal.Invoker.invokeTestMethods(Invoker.java:1131)
	at org.testng.internal.TestMethodWorker.invokeTestMethods(TestMethodWorker.java:124)
	at org.testng.internal.TestMethodWorker.run(TestMethodWorker.java:108)
	at org.testng.TestRunner.privateRun(TestRunner.java:773)
	at org.testng.TestRunner.run(TestRunner.java:623)
	at org.testng.SuiteRunner.runTest(SuiteRunner.java:357)
	at org.testng.SuiteRunner.runSequentially(SuiteRunner.java:352)
	at org.testng.SuiteRunner.privateRun(SuiteRunner.java:310)
	at org.testng.SuiteRunner.run(SuiteRunner.java:259)
	at org.testng.SuiteRunnerWorker.runSuite(SuiteRunnerWorker.java:52)
	at org.testng.SuiteRunnerWorker.run(SuiteRunnerWorker.java:86)
	at org.testng.TestNG.runSuitesSequentially(TestNG.java:1185)
	at org.testng.TestNG.runSuitesLocally(TestNG.java:1110)
	at org.testng.TestNG.run(TestNG.java:1018)
	at org.testng.remote.RemoteTestNG.run(RemoteTestNG.java:111)
	at org.testng.remote.RemoteTestNG.initAndRun(RemoteTestNG.java:204)
	at org.testng.remote.RemoteTestNG.main(RemoteTestNG.java:175)
</pre></div><a href='#' onClick='toggleBox("stack-trace4713382", this, "Click to show all stack frames", "Click to hide stack frames")'>Click to show all stack frames</a>
<div class='stack-trace' id='stack-trace4713382'><pre>java.lang.RuntimeException: GetElement and entering text in By.id: login-username failed: no such element: Unable to locate element: {&quot;method&quot;:&quot;id&quot;,&quot;selector&quot;:&quot;login-username&quot;}
  (Session info: chrome=46.0.2490.80)
  (Driver info: chromedriver=2.19.346078 (6f1f0cde889532d48ce8242342d0b84f94b114a1),platform=Windows NT 6.1 SP1 x86_64) (WARNING: The server did not provide any stacktrace information)
Command duration or timeout: 20.03 seconds
For documentation on this error, please visit: http://seleniumhq.org/exceptions/no_such_element.html
Build info: version: &apos;2.47.1&apos;, revision: &apos;unknown&apos;, time: &apos;2015-07-30 11:02:44&apos;
System info: host: &apos;kabothu1&apos;, ip: &apos;192.168.0.3&apos;, os.name: &apos;Windows 7&apos;, os.arch: &apos;x86&apos;, os.version: &apos;6.1&apos;, java.version: &apos;1.7.0_79&apos;
*** Element info: {Using=id, value=login-username}
Session ID: 20bc589d0d043f4290057090b0708fd4
Driver info: org.openqa.selenium.chrome.ChromeDriver
Capabilities [{platform=XP, acceptSslCerts=true, javascriptEnabled=true, browserName=chrome, chrome={userDataDir=C:\Users\kabothu\AppData\Local\Temp\scoped_dir3592_7942}, rotatable=false, locationContextEnabled=true, mobileEmulationEnabled=false, version=46.0.2490.80, takesHeapSnapshot=true, cssSelectorsEnabled=true, databaseEnabled=false, handlesAlerts=true, browserConnectionEnabled=false, webStorageEnabled=true, nativeEvents=true, hasTouchScreen=false, applicationCacheEnabled=false, takesScreenshot=true}]
	at com.krishna.dev.pagecomponents.Login.enterUserNameAndPassword(Login.java:39)
	at com.krishna.dev.webdriver.basetest.BaseTest.loginPage(BaseTest.java:34)
	at sun.reflect.NativeMethodAccessorImpl.invoke0(Native Method)
	at sun.reflect.NativeMethodAccessorImpl.invoke(Unknown Source)
	at sun.reflect.DelegatingMethodAccessorImpl.invoke(Unknown Source)
	at java.lang.reflect.Method.invoke(Unknown Source)
	at org.testng.internal.MethodInvocationHelper.invokeMethod(MethodInvocationHelper.java:85)
	at org.testng.internal.Invoker.invokeConfigurationMethod(Invoker.java:510)
	at org.testng.internal.Invoker.invokeConfigurations(Invoker.java:211)
	at org.testng.internal.Invoker.invokeMethod(Invoker.java:585)
	at org.testng.internal.Invoker.invokeTestMethod(Invoker.java:821)
	at org.testng.internal.Invoker.invokeTestMethods(Invoker.java:1131)
	at org.testng.internal.TestMethodWorker.invokeTestMethods(TestMethodWorker.java:124)
	at org.testng.internal.TestMethodWorker.run(TestMethodWorker.java:108)
	at org.testng.TestRunner.privateRun(TestRunner.java:773)
	at org.testng.TestRunner.run(TestRunner.java:623)
	at org.testng.SuiteRunner.runTest(SuiteRunner.java:357)
	at org.testng.SuiteRunner.runSequentially(SuiteRunner.java:352)
	at org.testng.SuiteRunner.privateRun(SuiteRunner.java:310)
	at org.testng.SuiteRunner.run(SuiteRunner.java:259)
	at org.testng.SuiteRunnerWorker.runSuite(SuiteRunnerWorker.java:52)
	at org.testng.SuiteRunnerWorker.run(SuiteRunnerWorker.java:86)
	at org.testng.TestNG.runSuitesSequentially(TestNG.java:1185)
	at org.testng.TestNG.runSuitesLocally(TestNG.java:1110)
	at org.testng.TestNG.run(TestNG.java:1018)
	at org.testng.remote.RemoteTestNG.run(RemoteTestNG.java:111)
	at org.testng.remote.RemoteTestNG.initAndRun(RemoteTestNG.java:204)
	at org.testng.remote.RemoteTestNG.main(RemoteTestNG.java:175)
</pre></div></td>
<td>0</td>
<td>com.krishna.dev.webdriver.funtionaltests.TestWalmartAssignment@1c83d89</td></tr>
</table><p>
<table width='100%' border='1' class='invocation-skipped'>
<tr><td colspan='4' align='center'><b>SKIPPED CONFIGURATIONS</b></td></tr>
<tr><td><b>Test method</b></td>
<td width="30%"><b>Exception</b></td>
<td width="10%"><b>Time (seconds)</b></td>
<td><b>Instance</b></td>
</tr>
<tr>
<td title='com.krishna.dev.webdriver.funtionaltests.TestWalmartAssignment.loginPage()'><b>loginPage</b><br>Test class: com.krishna.dev.webdriver.funtionaltests.TestWalmartAssignment</td>
<td></td>
<td>0</td>
<td>com.krishna.dev.webdriver.funtionaltests.TestWalmartAssignment@1c83d89</td></tr>
<tr>
<td title='com.krishna.dev.webdriver.funtionaltests.TestWalmartAssignment.loginPage()'><b>loginPage</b><br>Test class: com.krishna.dev.webdriver.funtionaltests.TestWalmartAssignment</td>
<td></td>
<td>0</td>
<td>com.krishna.dev.webdriver.funtionaltests.TestWalmartAssignment@1c83d89</td></tr>
<tr>
<td title='com.krishna.dev.webdriver.funtionaltests.TestWalmartAssignment.loginPage()'><b>loginPage</b><br>Test class: com.krishna.dev.webdriver.funtionaltests.TestWalmartAssignment</td>
<td></td>
<td>0</td>
<td>com.krishna.dev.webdriver.funtionaltests.TestWalmartAssignment@1c83d89</td></tr>
<tr>
<td title='com.krishna.dev.webdriver.funtionaltests.TestWalmartAssignment.logoutApplication()'><b>logoutApplication</b><br>Test class: com.krishna.dev.webdriver.funtionaltests.TestWalmartAssignment</td>
<td></td>
<td>0</td>
<td>com.krishna.dev.webdriver.funtionaltests.TestWalmartAssignment@1c83d89</td></tr>
<tr>
<td title='com.krishna.dev.webdriver.funtionaltests.TestWalmartAssignment.logoutApplication()'><b>logoutApplication</b><br>Test class: com.krishna.dev.webdriver.funtionaltests.TestWalmartAssignment</td>
<td></td>
<td>0</td>
<td>com.krishna.dev.webdriver.funtionaltests.TestWalmartAssignment@1c83d89</td></tr>
<tr>
<td title='com.krishna.dev.webdriver.funtionaltests.TestWalmartAssignment.logoutApplication()'><b>logoutApplication</b><br>Test class: com.krishna.dev.webdriver.funtionaltests.TestWalmartAssignment</td>
<td></td>
<td>0</td>
<td>com.krishna.dev.webdriver.funtionaltests.TestWalmartAssignment@1c83d89</td></tr>
<tr>
<td title='com.krishna.dev.webdriver.funtionaltests.TestWalmartAssignment.logoutApplication()'><b>logoutApplication</b><br>Test class: com.krishna.dev.webdriver.funtionaltests.TestWalmartAssignment</td>
<td></td>
<td>0</td>
<td>com.krishna.dev.webdriver.funtionaltests.TestWalmartAssignment@1c83d89</td></tr>
<tr>
<td title='com.krishna.dev.webdriver.funtionaltests.TestWalmartAssignment.exitBrowser()'><b>exitBrowser</b><br>Test class: com.krishna.dev.webdriver.funtionaltests.TestWalmartAssignment</td>
<td></td>
<td>0</td>
<td>com.krishna.dev.webdriver.funtionaltests.TestWalmartAssignment@1c83d89</td></tr>
</table><p>
<table width='100%' border='1' class='invocation-failed'>
<tr><td colspan='4' align='center'><b>FAILED TESTS</b></td></tr>
<tr><td><b>Test method</b></td>
<td width="30%"><b>Exception</b></td>
<td width="10%"><b>Time (seconds)</b></td>
<td><b>Instance</b></td>
</tr>
<tr>
<td title='com.krishna.dev.webdriver.funtionaltests.TestWalmartAssignment.testAddItemTransactionFlow()'><b>testAddItemTransactionFlow</b><br>Test class: com.krishna.dev.webdriver.funtionaltests.TestWalmartAssignment<br>Parameters: iPhone</td>
<td><div><pre>java.lang.RuntimeException: Selecting Aspect For An Item By.cssSelector: .variants.variants-swatches.js-variants-swatches.js-variants-collapsed.variants-collapsed&gt;span:nth-of-type(1) failed: unknown error: Element is not clickable at point (639, 659)
  (Session info: chrome=46.0.2490.80)
  (Driver info: chromedriver=2.19.346078 (6f1f0cde889532d48ce8242342d0b84f94b114a1),platform=Windows NT 6.1 SP1 x86_64) (WARNING: The server did not provide any stacktrace information)
Command duration or timeout: 100 milliseconds
Build info: version: &apos;2.47.1&apos;, revision: &apos;unknown&apos;, time: &apos;2015-07-30 11:02:44&apos;
System info: host: &apos;kabothu1&apos;, ip: &apos;192.168.0.3&apos;, os.name: &apos;Windows 7&apos;, os.arch: &apos;x86&apos;, os.version: &apos;6.1&apos;, java.version: &apos;1.7.0_79&apos;
Session ID: 20bc589d0d043f4290057090b0708fd4
Driver info: org.openqa.selenium.chrome.ChromeDriver
Capabilities [{platform=XP, acceptSslCerts=true, javascriptEnabled=true, browserName=chrome, chrome={userDataDir=C:\Users\kabothu\AppData\Local\Temp\scoped_dir3592_7942}, rotatable=false, locationContextEnabled=true, mobileEmulationEnabled=false, version=46.0.2490.80, takesHeapSnapshot=true, cssSelectorsEnabled=true, databaseEnabled=false, handlesAlerts=true, browserConnectionEnabled=false, webStorageEnabled=true, nativeEvents=true, hasTouchScreen=false, applicationCacheEnabled=false, takesScreenshot=true}]
	at com.krishna.dev.pagecomponents.Cart.selectAspectForAnItem(Cart.java:48)
	at com.krishna.dev.webdriver.funtionaltests.TestWalmartAssignment.testAddItemTransactionFlow(TestWalmartAssignment.java:31)
	at sun.reflect.NativeMethodAccessorImpl.invoke0(Native Method)
	at sun.reflect.NativeMethodAccessorImpl.invoke(Unknown Source)
	at sun.reflect.DelegatingMethodAccessorImpl.invoke(Unknown Source)
	at java.lang.reflect.Method.invoke(Unknown Source)
	at org.testng.internal.MethodInvocationHelper.invokeMethod(MethodInvocationHelper.java:85)
	at org.testng.internal.Invoker.invokeMethod(Invoker.java:639)
	at org.testng.internal.Invoker.invokeTestMethod(Invoker.java:821)
	at org.testng.internal.Invoker.invokeTestMethods(Invoker.java:1131)
	at org.testng.internal.TestMethodWorker.invokeTestMethods(TestMethodWorker.java:124)
	at org.testng.internal.TestMethodWorker.run(TestMethodWorker.java:108)
	at org.testng.TestRunner.privateRun(TestRunner.java:773)
	at org.testng.TestRunner.run(TestRunner.java:623)
	at org.testng.SuiteRunner.runTest(SuiteRunner.java:357)
	at org.testng.SuiteRunner.runSequentially(SuiteRunner.java:352)
	at org.testng.SuiteRunner.privateRun(SuiteRunner.java:310)
	at org.testng.SuiteRunner.run(SuiteRunner.java:259)
	at org.testng.SuiteRunnerWorker.runSuite(SuiteRunnerWorker.java:52)
	at org.testng.SuiteRunnerWorker.run(SuiteRunnerWorker.java:86)
	at org.testng.TestNG.runSuitesSequentially(TestNG.java:1185)
	at org.testng.TestNG.runSuitesLocally(TestNG.java:1110)
	at org.testng.TestNG.run(TestNG.java:1018)
	at org.testng.remote.RemoteTestNG.run(RemoteTestNG.java:111)
	at org.testng.remote.RemoteTestNG.initAndRun(RemoteTestNG.java:204)
	at org.testng.remote.RemoteTestNG.main(RemoteTestNG.java:175)
</pre></div><a href='#' onClick='toggleBox("stack-trace29237306", this, "Click to show all stack frames", "Click to hide stack frames")'>Click to show all stack frames</a>
<div class='stack-trace' id='stack-trace29237306'><pre>java.lang.RuntimeException: Selecting Aspect For An Item By.cssSelector: .variants.variants-swatches.js-variants-swatches.js-variants-collapsed.variants-collapsed&gt;span:nth-of-type(1) failed: unknown error: Element is not clickable at point (639, 659)
  (Session info: chrome=46.0.2490.80)
  (Driver info: chromedriver=2.19.346078 (6f1f0cde889532d48ce8242342d0b84f94b114a1),platform=Windows NT 6.1 SP1 x86_64) (WARNING: The server did not provide any stacktrace information)
Command duration or timeout: 100 milliseconds
Build info: version: &apos;2.47.1&apos;, revision: &apos;unknown&apos;, time: &apos;2015-07-30 11:02:44&apos;
System info: host: &apos;kabothu1&apos;, ip: &apos;192.168.0.3&apos;, os.name: &apos;Windows 7&apos;, os.arch: &apos;x86&apos;, os.version: &apos;6.1&apos;, java.version: &apos;1.7.0_79&apos;
Session ID: 20bc589d0d043f4290057090b0708fd4
Driver info: org.openqa.selenium.chrome.ChromeDriver
Capabilities [{platform=XP, acceptSslCerts=true, javascriptEnabled=true, browserName=chrome, chrome={userDataDir=C:\Users\kabothu\AppData\Local\Temp\scoped_dir3592_7942}, rotatable=false, locationContextEnabled=true, mobileEmulationEnabled=false, version=46.0.2490.80, takesHeapSnapshot=true, cssSelectorsEnabled=true, databaseEnabled=false, handlesAlerts=true, browserConnectionEnabled=false, webStorageEnabled=true, nativeEvents=true, hasTouchScreen=false, applicationCacheEnabled=false, takesScreenshot=true}]
	at com.krishna.dev.pagecomponents.Cart.selectAspectForAnItem(Cart.java:48)
	at com.krishna.dev.webdriver.funtionaltests.TestWalmartAssignment.testAddItemTransactionFlow(TestWalmartAssignment.java:31)
	at sun.reflect.NativeMethodAccessorImpl.invoke0(Native Method)
	at sun.reflect.NativeMethodAccessorImpl.invoke(Unknown Source)
	at sun.reflect.DelegatingMethodAccessorImpl.invoke(Unknown Source)
	at java.lang.reflect.Method.invoke(Unknown Source)
	at org.testng.internal.MethodInvocationHelper.invokeMethod(MethodInvocationHelper.java:85)
	at org.testng.internal.Invoker.invokeMethod(Invoker.java:639)
	at org.testng.internal.Invoker.invokeTestMethod(Invoker.java:821)
	at org.testng.internal.Invoker.invokeTestMethods(Invoker.java:1131)
	at org.testng.internal.TestMethodWorker.invokeTestMethods(TestMethodWorker.java:124)
	at org.testng.internal.TestMethodWorker.run(TestMethodWorker.java:108)
	at org.testng.TestRunner.privateRun(TestRunner.java:773)
	at org.testng.TestRunner.run(TestRunner.java:623)
	at org.testng.SuiteRunner.runTest(SuiteRunner.java:357)
	at org.testng.SuiteRunner.runSequentially(SuiteRunner.java:352)
	at org.testng.SuiteRunner.privateRun(SuiteRunner.java:310)
	at org.testng.SuiteRunner.run(SuiteRunner.java:259)
	at org.testng.SuiteRunnerWorker.runSuite(SuiteRunnerWorker.java:52)
	at org.testng.SuiteRunnerWorker.run(SuiteRunnerWorker.java:86)
	at org.testng.TestNG.runSuitesSequentially(TestNG.java:1185)
	at org.testng.TestNG.runSuitesLocally(TestNG.java:1110)
	at org.testng.TestNG.run(TestNG.java:1018)
	at org.testng.remote.RemoteTestNG.run(RemoteTestNG.java:111)
	at org.testng.remote.RemoteTestNG.initAndRun(RemoteTestNG.java:204)
	at org.testng.remote.RemoteTestNG.main(RemoteTestNG.java:175)
</pre></div></td>
<td>26</td>
<td>com.krishna.dev.webdriver.funtionaltests.TestWalmartAssignment@1c83d89</td></tr>
</table><p>
<table width='100%' border='1' class='invocation-skipped'>
<tr><td colspan='4' align='center'><b>SKIPPED TESTS</b></td></tr>
<tr><td><b>Test method</b></td>
<td width="30%"><b>Exception</b></td>
<td width="10%"><b>Time (seconds)</b></td>
<td><b>Instance</b></td>
</tr>
<tr>
<td title='com.krishna.dev.webdriver.funtionaltests.TestWalmartAssignment.testAddItemTransactionFlow()'><b>testAddItemTransactionFlow</b><br>Test class: com.krishna.dev.webdriver.funtionaltests.TestWalmartAssignment<br>Parameters: tv</td>
<td></td>
<td>0</td>
<td>com.krishna.dev.webdriver.funtionaltests.TestWalmartAssignment@1c83d89</td></tr>
<tr>
<td title='com.krishna.dev.webdriver.funtionaltests.TestWalmartAssignment.testAddItemTransactionFlow()'><b>testAddItemTransactionFlow</b><br>Test class: com.krishna.dev.webdriver.funtionaltests.TestWalmartAssignment<br>Parameters: socks</td>
<td></td>
<td>0</td>
<td>com.krishna.dev.webdriver.funtionaltests.TestWalmartAssignment@1c83d89</td></tr>
<tr>
<td title='com.krishna.dev.webdriver.funtionaltests.TestWalmartAssignment.testAddItemTransactionFlow()'><b>testAddItemTransactionFlow</b><br>Test class: com.krishna.dev.webdriver.funtionaltests.TestWalmartAssignment<br>Parameters: dvd</td>
<td></td>
<td>0</td>
<td>com.krishna.dev.webdriver.funtionaltests.TestWalmartAssignment@1c83d89</td></tr>
<tr>
<td title='com.krishna.dev.webdriver.funtionaltests.TestWalmartAssignment.testAddItemTransactionFlow()'><b>testAddItemTransactionFlow</b><br>Test class: com.krishna.dev.webdriver.funtionaltests.TestWalmartAssignment<br>Parameters: toys</td>
<td></td>
<td>0</td>
<td>com.krishna.dev.webdriver.funtionaltests.TestWalmartAssignment@1c83d89</td></tr>
</table><p>
</body>
</html>